TN:
SF:src\click-outside.js
FN:1,(anonymous_0)
FN:3,(anonymous_1)
FN:14,(anonymous_2)
FN:19,(anonymous_3)
FNF:4
FNH:1
FNDA:0,(anonymous_0)
FNDA:0,(anonymous_1)
FNDA:2,(anonymous_2)
FNDA:0,(anonymous_3)
DA:1,1
DA:2,0
DA:3,0
DA:4,0
DA:7,0
DA:11,1
DA:12,1
DA:15,2
DA:19,1
DA:20,0
LF:10
LH:5
BRDA:4,0,0,0
BRDA:4,0,1,0
BRDA:4,1,0,0
BRDA:4,1,1,0
BRF:4
BRH:0
end_of_record
TN:
SF:src\http.js
FN:1,core
FN:4,(anonymous_1)
FN:7,(anonymous_2)
FN:14,(anonymous_3)
FN:15,(anonymous_4)
FN:18,(anonymous_5)
FN:19,(anonymous_6)
FN:20,(anonymous_7)
FNF:8
FNH:0
FNDA:0,core
FNDA:0,(anonymous_1)
FNDA:0,(anonymous_2)
FNDA:0,(anonymous_3)
FNDA:0,(anonymous_4)
FNDA:0,(anonymous_5)
FNDA:0,(anonymous_6)
FNDA:0,(anonymous_7)
DA:2,0
DA:3,0
DA:4,0
DA:5,0
DA:7,0
DA:8,0
DA:10,0
DA:16,0
LF:8
LH:0
BRDA:5,0,0,0
BRDA:5,0,1,0
BRDA:8,1,0,0
BRDA:8,1,1,0
BRF:4
BRH:0
end_of_record
TN:
SF:src\svg.js
FN:1,(anonymous_0)
FN:25,h
FN:28,(anonymous_2)
FN:46,(anonymous_3)
FN:54,(anonymous_4)
FN:62,(anonymous_5)
FNF:6
FNH:3
FNDA:4,(anonymous_0)
FNDA:0,h
FNDA:4,(anonymous_2)
FNDA:4,(anonymous_3)
FNDA:0,(anonymous_4)
FNDA:0,(anonymous_5)
DA:1,4
DA:9,4
DA:10,4
DA:13,4
DA:14,4
DA:15,4
DA:16,0
DA:17,0
DA:18,0
DA:22,0
DA:26,0
DA:28,4
DA:30,4
DA:47,4
DA:55,0
DA:56,0
DA:58,0
DA:60,0
DA:63,0
LF:19
LH:9
BRDA:13,0,0,0
BRDA:13,0,1,4
BRDA:15,1,0,0
BRDA:15,1,1,4
BRDA:15,2,0,4
BRDA:15,2,1,0
BRDA:22,3,0,0
BRDA:22,3,1,0
BRDA:26,4,0,0
BRDA:26,4,1,0
BRDA:32,5,0,4
BRDA:32,5,1,4
BRDA:39,6,0,4
BRDA:39,6,1,0
BRDA:43,7,0,4
BRDA:43,7,1,0
BRDA:44,8,0,0
BRDA:44,8,1,4
BRDA:50,9,0,0
BRDA:50,9,1,0
BRDA:63,10,0,0
BRDA:63,10,1,0
BRF:22
BRH:8
end_of_record
TN:
SF:src\validate.js
FN:2,(anonymous_0)
FN:6,(anonymous_1)
FN:8,(anonymous_2)
FN:19,(anonymous_3)
FN:20,(anonymous_4)
FN:35,(anonymous_5)
FN:41,(anonymous_6)
FN:50,(anonymous_7)
FN:56,(anonymous_8)
FN:63,ensureObject
FNF:10
FNH:10
FNDA:1,(anonymous_0)
FNDA:15,(anonymous_1)
FNDA:15,(anonymous_2)
FNDA:40,(anonymous_3)
FNDA:16,(anonymous_4)
FNDA:9,(anonymous_5)
FNDA:6,(anonymous_6)
FNDA:2,(anonymous_7)
FNDA:2,(anonymous_8)
FNDA:13,ensureObject
DA:3,1
DA:7,15
DA:8,15
DA:9,15
DA:10,15
DA:11,9
DA:12,9
DA:13,2
DA:14,2
DA:15,2
DA:19,40
DA:20,13
DA:21,16
DA:22,14
DA:23,14
DA:24,11
DA:25,11
DA:28,2
DA:32,13
DA:36,9
DA:37,2
DA:42,6
DA:43,4
DA:45,6
DA:46,4
DA:51,2
DA:52,1
DA:57,2
DA:58,2
DA:64,13
DA:65,11
LF:31
LH:31
BRDA:10,0,0,9
BRDA:10,0,1,6
BRDA:12,1,0,2
BRDA:12,1,1,7
BRDA:19,2,0,40
BRDA:19,2,1,27
BRDA:21,3,0,14
BRDA:21,3,1,2
BRDA:23,4,0,11
BRDA:23,4,1,3
BRDA:36,5,0,2
BRDA:36,5,1,7
BRDA:36,6,0,9
BRDA:36,6,1,8
BRDA:42,7,0,4
BRDA:42,7,1,2
BRDA:45,8,0,4
BRDA:45,8,1,2
BRDA:51,9,0,1
BRDA:51,9,1,1
BRDA:57,10,0,2
BRDA:57,10,1,0
BRDA:64,11,0,11
BRDA:64,11,1,2
BRF:24
BRH:23
end_of_record
